{"D:\\Jc\\Documents\\GitHub\\Semestrei\\backend\\config\\blueprints.js":{"path":"D:\\Jc\\Documents\\GitHub\\Semestrei\\backend\\config\\blueprints.js","s":{"1":1},"b":{},"f":{},"fnMap":{},"statementMap":{"1":{"start":{"line":12,"column":0},"end":{"line":41,"column":2}}},"branchMap":{}},"D:\\Jc\\Documents\\GitHub\\Semestrei\\backend\\config\\custom.js":{"path":"D:\\Jc\\Documents\\GitHub\\Semestrei\\backend\\config\\custom.js","s":{"1":1},"b":{},"f":{},"fnMap":{},"statementMap":{"1":{"start":{"line":11,"column":0},"end":{"line":23,"column":2}}},"branchMap":{}},"D:\\Jc\\Documents\\GitHub\\Semestrei\\backend\\config\\datastores.js":{"path":"D:\\Jc\\Documents\\GitHub\\Semestrei\\backend\\config\\datastores.js","s":{"1":1},"b":{},"f":{},"fnMap":{},"statementMap":{"1":{"start":{"line":16,"column":0},"end":{"line":62,"column":2}}},"branchMap":{}},"D:\\Jc\\Documents\\GitHub\\Semestrei\\backend\\config\\globals.js":{"path":"D:\\Jc\\Documents\\GitHub\\Semestrei\\backend\\config\\globals.js","s":{"1":1},"b":{},"f":{},"fnMap":{},"statementMap":{"1":{"start":{"line":12,"column":0},"end":{"line":52,"column":2}}},"branchMap":{}},"D:\\Jc\\Documents\\GitHub\\Semestrei\\backend\\config\\http.js":{"path":"D:\\Jc\\Documents\\GitHub\\Semestrei\\backend\\config\\http.js","s":{"1":1,"2":1,"3":1,"4":1},"b":{},"f":{"1":1},"fnMap":{"1":{"name":"_configureBodyParser","line":53,"loc":{"start":{"line":53,"column":17},"end":{"line":53,"column":48}}}},"statementMap":{"1":{"start":{"line":12,"column":0},"end":{"line":61,"column":2}},"2":{"start":{"line":54,"column":6},"end":{"line":54,"column":39}},"3":{"start":{"line":55,"column":6},"end":{"line":55,"column":51}},"4":{"start":{"line":56,"column":6},"end":{"line":56,"column":26}}},"branchMap":{}},"D:\\Jc\\Documents\\GitHub\\Semestrei\\backend\\config\\i18n.js":{"path":"D:\\Jc\\Documents\\GitHub\\Semestrei\\backend\\config\\i18n.js","s":{"1":1},"b":{},"f":{},"fnMap":{},"statementMap":{"1":{"start":{"line":15,"column":0},"end":{"line":45,"column":2}}},"branchMap":{}},"D:\\Jc\\Documents\\GitHub\\Semestrei\\backend\\config\\log.js":{"path":"D:\\Jc\\Documents\\GitHub\\Semestrei\\backend\\config\\log.js","s":{"1":1},"b":{},"f":{},"fnMap":{},"statementMap":{"1":{"start":{"line":13,"column":0},"end":{"line":29,"column":2}}},"branchMap":{}},"D:\\Jc\\Documents\\GitHub\\Semestrei\\backend\\config\\models.js":{"path":"D:\\Jc\\Documents\\GitHub\\Semestrei\\backend\\config\\models.js","s":{"1":1},"b":{},"f":{},"fnMap":{},"statementMap":{"1":{"start":{"line":16,"column":0},"end":{"line":126,"column":2}}},"branchMap":{}},"D:\\Jc\\Documents\\GitHub\\Semestrei\\backend\\config\\policies.js":{"path":"D:\\Jc\\Documents\\GitHub\\Semestrei\\backend\\config\\policies.js","s":{"1":1},"b":{},"f":{},"fnMap":{},"statementMap":{"1":{"start":{"line":11,"column":0},"end":{"line":27,"column":2}}},"branchMap":{}},"D:\\Jc\\Documents\\GitHub\\Semestrei\\backend\\config\\routes.js":{"path":"D:\\Jc\\Documents\\GitHub\\Semestrei\\backend\\config\\routes.js","s":{"1":1},"b":{},"f":{},"fnMap":{},"statementMap":{"1":{"start":{"line":11,"column":0},"end":{"line":124,"column":2}}},"branchMap":{}},"D:\\Jc\\Documents\\GitHub\\Semestrei\\backend\\config\\security.js":{"path":"D:\\Jc\\Documents\\GitHub\\Semestrei\\backend\\config\\security.js","s":{"1":1},"b":{},"f":{},"fnMap":{},"statementMap":{"1":{"start":{"line":16,"column":0},"end":{"line":55,"column":2}}},"branchMap":{}},"D:\\Jc\\Documents\\GitHub\\Semestrei\\backend\\config\\session.js":{"path":"D:\\Jc\\Documents\\GitHub\\Semestrei\\backend\\config\\session.js","s":{"1":1},"b":{},"f":{},"fnMap":{},"statementMap":{"1":{"start":{"line":12,"column":0},"end":{"line":40,"column":2}}},"branchMap":{}},"D:\\Jc\\Documents\\GitHub\\Semestrei\\backend\\config\\sockets.js":{"path":"D:\\Jc\\Documents\\GitHub\\Semestrei\\backend\\config\\sockets.js","s":{"1":1,"2":0},"b":{},"f":{"1":0},"fnMap":{"1":{"name":"(anonymous_1)","line":45,"loc":{"start":{"line":45,"column":17},"end":{"line":45,"column":46}}}},"statementMap":{"1":{"start":{"line":12,"column":0},"end":{"line":82,"column":2}},"2":{"start":{"line":49,"column":4},"end":{"line":49,"column":36}}},"branchMap":{}},"D:\\Jc\\Documents\\GitHub\\Semestrei\\backend\\config\\views.js":{"path":"D:\\Jc\\Documents\\GitHub\\Semestrei\\backend\\config\\views.js","s":{"1":1},"b":{},"f":{},"fnMap":{},"statementMap":{"1":{"start":{"line":17,"column":0},"end":{"line":41,"column":2}}},"branchMap":{}},"D:\\Jc\\Documents\\GitHub\\Semestrei\\backend\\api\\responses\\notFound.js":{"path":"D:\\Jc\\Documents\\GitHub\\Semestrei\\backend\\api\\responses\\notFound.js","s":{"1":1,"2":0,"3":0,"4":0,"5":0,"6":0,"7":0,"8":0,"9":0,"10":0,"11":0,"12":0,"13":0,"14":0},"b":{"1":[0,0],"2":[0,0],"3":[0,0],"4":[0,0]},"f":{"1":0},"fnMap":{"1":{"name":"notFound","line":29,"loc":{"start":{"line":29,"column":17},"end":{"line":29,"column":49}}}},"statementMap":{"1":{"start":{"line":29,"column":0},"end":{"line":67,"column":2}},"2":{"start":{"line":32,"column":2},"end":{"line":32,"column":21}},"3":{"start":{"line":33,"column":2},"end":{"line":33,"column":21}},"4":{"start":{"line":36,"column":2},"end":{"line":36,"column":28}},"5":{"start":{"line":39,"column":2},"end":{"line":65,"column":3}},"6":{"start":{"line":40,"column":4},"end":{"line":40,"column":58}},"7":{"start":{"line":41,"column":4},"end":{"line":41,"column":43}},"8":{"start":{"line":47,"column":7},"end":{"line":65,"column":3}},"9":{"start":{"line":48,"column":4},"end":{"line":48,"column":91}},"10":{"start":{"line":53,"column":4},"end":{"line":60,"column":5}},"11":{"start":{"line":54,"column":6},"end":{"line":59,"column":7}},"12":{"start":{"line":55,"column":8},"end":{"line":55,"column":47}},"13":{"start":{"line":58,"column":8},"end":{"line":58,"column":68}},"14":{"start":{"line":64,"column":4},"end":{"line":64,"column":58}}},"branchMap":{"1":{"line":39,"type":"if","locations":[{"start":{"line":39,"column":2},"end":{"line":39,"column":2}},{"start":{"line":39,"column":2},"end":{"line":39,"column":2}}]},"2":{"line":47,"type":"if","locations":[{"start":{"line":47,"column":7},"end":{"line":47,"column":7}},{"start":{"line":47,"column":7},"end":{"line":47,"column":7}}]},"3":{"line":53,"type":"if","locations":[{"start":{"line":53,"column":4},"end":{"line":53,"column":4}},{"start":{"line":53,"column":4},"end":{"line":53,"column":4}}]},"4":{"line":54,"type":"if","locations":[{"start":{"line":54,"column":6},"end":{"line":54,"column":6}},{"start":{"line":54,"column":6},"end":{"line":54,"column":6}}]}}},"D:\\Jc\\Documents\\GitHub\\Semestrei\\backend\\api\\policies\\isAuthenticated.js":{"path":"D:\\Jc\\Documents\\GitHub\\Semestrei\\backend\\api\\policies\\isAuthenticated.js","s":{"1":1,"2":1,"3":0,"4":0,"5":0,"6":0,"7":0,"8":0,"9":0},"b":{"1":[0,0],"2":[0,0],"3":[0,0],"4":[0,0]},"f":{"1":0,"2":0},"fnMap":{"1":{"name":"(anonymous_1)","line":3,"loc":{"start":{"line":3,"column":17},"end":{"line":3,"column":43}}},"2":{"name":"(anonymous_2)","line":4,"loc":{"start":{"line":4,"column":33},"end":{"line":4,"column":62}}}},"statementMap":{"1":{"start":{"line":1,"column":0},"end":{"line":1,"column":35}},"2":{"start":{"line":3,"column":0},"end":{"line":12,"column":2}},"3":{"start":{"line":4,"column":4},"end":{"line":11,"column":17}},"4":{"start":{"line":5,"column":6},"end":{"line":5,"column":47}},"5":{"start":{"line":5,"column":17},"end":{"line":5,"column":47}},"6":{"start":{"line":6,"column":6},"end":{"line":7,"column":78}},"7":{"start":{"line":7,"column":7},"end":{"line":7,"column":78}},"8":{"start":{"line":8,"column":5},"end":{"line":8,"column":21}},"9":{"start":{"line":10,"column":5},"end":{"line":10,"column":12}}},"branchMap":{"1":{"line":5,"type":"if","locations":[{"start":{"line":5,"column":6},"end":{"line":5,"column":6}},{"start":{"line":5,"column":6},"end":{"line":5,"column":6}}]},"2":{"line":6,"type":"if","locations":[{"start":{"line":6,"column":6},"end":{"line":6,"column":6}},{"start":{"line":6,"column":6},"end":{"line":6,"column":6}}]},"3":{"line":7,"type":"binary-expr","locations":[{"start":{"line":7,"column":37},"end":{"line":7,"column":41}},{"start":{"line":7,"column":45},"end":{"line":7,"column":54}}]},"4":{"line":7,"type":"binary-expr","locations":[{"start":{"line":7,"column":56},"end":{"line":7,"column":60}},{"start":{"line":7,"column":64},"end":{"line":7,"column":76}}]}}},"D:\\Jc\\Documents\\GitHub\\Semestrei\\backend\\api\\models\\Admin.js":{"path":"D:\\Jc\\Documents\\GitHub\\Semestrei\\backend\\api\\models\\Admin.js","s":{"1":1,"2":2,"3":2},"b":{"1":[2,2,2,2]},"f":{"1":2,"2":2},"fnMap":{"1":{"name":"(anonymous_1)","line":10,"loc":{"start":{"line":10,"column":16},"end":{"line":10,"column":26}}},"2":{"name":"(anonymous_2)","line":33,"loc":{"start":{"line":33,"column":14},"end":{"line":33,"column":30}}}},"statementMap":{"1":{"start":{"line":8,"column":0},"end":{"line":66,"column":2}},"2":{"start":{"line":11,"column":4},"end":{"line":11,"column":38}},"3":{"start":{"line":38,"column":8},"end":{"line":38,"column":103}}},"branchMap":{"1":{"line":38,"type":"binary-expr","locations":[{"start":{"line":38,"column":15},"end":{"line":38,"column":32}},{"start":{"line":38,"column":36},"end":{"line":38,"column":53}},{"start":{"line":38,"column":57},"end":{"line":38,"column":78}},{"start":{"line":38,"column":82},"end":{"line":38,"column":102}}]}}},"D:\\Jc\\Documents\\GitHub\\Semestrei\\backend\\api\\models\\Bracelet.js":{"path":"D:\\Jc\\Documents\\GitHub\\Semestrei\\backend\\api\\models\\Bracelet.js","s":{"1":1},"b":{},"f":{},"fnMap":{},"statementMap":{"1":{"start":{"line":8,"column":0},"end":{"line":59,"column":2}}},"branchMap":{}},"D:\\Jc\\Documents\\GitHub\\Semestrei\\backend\\api\\models\\Bus.js":{"path":"D:\\Jc\\Documents\\GitHub\\Semestrei\\backend\\api\\models\\Bus.js","s":{"1":1},"b":{},"f":{},"fnMap":{},"statementMap":{"1":{"start":{"line":8,"column":0},"end":{"line":51,"column":2}}},"branchMap":{}},"D:\\Jc\\Documents\\GitHub\\Semestrei\\backend\\api\\models\\Company.js":{"path":"D:\\Jc\\Documents\\GitHub\\Semestrei\\backend\\api\\models\\Company.js","s":{"1":1},"b":{},"f":{},"fnMap":{},"statementMap":{"1":{"start":{"line":8,"column":0},"end":{"line":96,"column":2}}},"branchMap":{}},"D:\\Jc\\Documents\\GitHub\\Semestrei\\backend\\api\\models\\DateInformation.js":{"path":"D:\\Jc\\Documents\\GitHub\\Semestrei\\backend\\api\\models\\DateInformation.js","s":{"1":1},"b":{},"f":{},"fnMap":{},"statementMap":{"1":{"start":{"line":8,"column":0},"end":{"line":47,"column":2}}},"branchMap":{}},"D:\\Jc\\Documents\\GitHub\\Semestrei\\backend\\api\\models\\DateInterval.js":{"path":"D:\\Jc\\Documents\\GitHub\\Semestrei\\backend\\api\\models\\DateInterval.js","s":{"1":1},"b":{},"f":{},"fnMap":{},"statementMap":{"1":{"start":{"line":8,"column":0},"end":{"line":56,"column":2}}},"branchMap":{}},"D:\\Jc\\Documents\\GitHub\\Semestrei\\backend\\api\\models\\HourInterval.js":{"path":"D:\\Jc\\Documents\\GitHub\\Semestrei\\backend\\api\\models\\HourInterval.js","s":{"1":1},"b":{},"f":{},"fnMap":{},"statementMap":{"1":{"start":{"line":8,"column":0},"end":{"line":54,"column":2}}},"branchMap":{}},"D:\\Jc\\Documents\\GitHub\\Semestrei\\backend\\api\\models\\ImageOfPlace.js":{"path":"D:\\Jc\\Documents\\GitHub\\Semestrei\\backend\\api\\models\\ImageOfPlace.js","s":{"1":1},"b":{},"f":{},"fnMap":{},"statementMap":{"1":{"start":{"line":8,"column":0},"end":{"line":46,"column":2}}},"branchMap":{}},"D:\\Jc\\Documents\\GitHub\\Semestrei\\backend\\api\\models\\Place.js":{"path":"D:\\Jc\\Documents\\GitHub\\Semestrei\\backend\\api\\models\\Place.js","s":{"1":1},"b":{},"f":{},"fnMap":{},"statementMap":{"1":{"start":{"line":8,"column":0},"end":{"line":76,"column":2}}},"branchMap":{}},"D:\\Jc\\Documents\\GitHub\\Semestrei\\backend\\api\\models\\PlaceType.js":{"path":"D:\\Jc\\Documents\\GitHub\\Semestrei\\backend\\api\\models\\PlaceType.js","s":{"1":1},"b":{},"f":{},"fnMap":{},"statementMap":{"1":{"start":{"line":8,"column":0},"end":{"line":47,"column":2}}},"branchMap":{}},"D:\\Jc\\Documents\\GitHub\\Semestrei\\backend\\api\\models\\Price.js":{"path":"D:\\Jc\\Documents\\GitHub\\Semestrei\\backend\\api\\models\\Price.js","s":{"1":1},"b":{},"f":{},"fnMap":{},"statementMap":{"1":{"start":{"line":8,"column":0},"end":{"line":50,"column":2}}},"branchMap":{}},"D:\\Jc\\Documents\\GitHub\\Semestrei\\backend\\api\\models\\Purchase.js":{"path":"D:\\Jc\\Documents\\GitHub\\Semestrei\\backend\\api\\models\\Purchase.js","s":{"1":1},"b":{},"f":{},"fnMap":{},"statementMap":{"1":{"start":{"line":8,"column":0},"end":{"line":65,"column":2}}},"branchMap":{}},"D:\\Jc\\Documents\\GitHub\\Semestrei\\backend\\api\\models\\Ticket.js":{"path":"D:\\Jc\\Documents\\GitHub\\Semestrei\\backend\\api\\models\\Ticket.js","s":{"1":1},"b":{},"f":{},"fnMap":{},"statementMap":{"1":{"start":{"line":8,"column":0},"end":{"line":60,"column":2}}},"branchMap":{}},"D:\\Jc\\Documents\\GitHub\\Semestrei\\backend\\api\\models\\TicketType.js":{"path":"D:\\Jc\\Documents\\GitHub\\Semestrei\\backend\\api\\models\\TicketType.js","s":{"1":1},"b":{},"f":{},"fnMap":{},"statementMap":{"1":{"start":{"line":8,"column":0},"end":{"line":53,"column":2}}},"branchMap":{}},"D:\\Jc\\Documents\\GitHub\\Semestrei\\backend\\api\\models\\Tour.js":{"path":"D:\\Jc\\Documents\\GitHub\\Semestrei\\backend\\api\\models\\Tour.js","s":{"1":1},"b":{},"f":{},"fnMap":{},"statementMap":{"1":{"start":{"line":8,"column":0},"end":{"line":78,"column":2}}},"branchMap":{}},"D:\\Jc\\Documents\\GitHub\\Semestrei\\backend\\api\\models\\User.js":{"path":"D:\\Jc\\Documents\\GitHub\\Semestrei\\backend\\api\\models\\User.js","s":{"1":1,"2":4},"b":{},"f":{"1":4},"fnMap":{"1":{"name":"(anonymous_1)","line":10,"loc":{"start":{"line":10,"column":16},"end":{"line":10,"column":26}}}},"statementMap":{"1":{"start":{"line":8,"column":0},"end":{"line":65,"column":2}},"2":{"start":{"line":11,"column":4},"end":{"line":11,"column":38}}},"branchMap":{}}}