TN:
SF:D:\Jc\Documents\GitHub\Semestrei\backend\config\blueprints.js
FNF:0
FNH:0
DA:12,1
LF:1
LH:1
BRF:0
BRH:0
end_of_record
TN:
SF:D:\Jc\Documents\GitHub\Semestrei\backend\config\custom.js
FNF:0
FNH:0
DA:11,1
LF:1
LH:1
BRF:0
BRH:0
end_of_record
TN:
SF:D:\Jc\Documents\GitHub\Semestrei\backend\config\datastores.js
FNF:0
FNH:0
DA:16,1
LF:1
LH:1
BRF:0
BRH:0
end_of_record
TN:
SF:D:\Jc\Documents\GitHub\Semestrei\backend\config\globals.js
FNF:0
FNH:0
DA:12,1
LF:1
LH:1
BRF:0
BRH:0
end_of_record
TN:
SF:D:\Jc\Documents\GitHub\Semestrei\backend\config\http.js
FN:53,_configureBodyParser
FNF:1
FNH:1
FNDA:1,_configureBodyParser
DA:12,1
DA:54,1
DA:55,1
DA:56,1
LF:4
LH:4
BRF:0
BRH:0
end_of_record
TN:
SF:D:\Jc\Documents\GitHub\Semestrei\backend\config\i18n.js
FNF:0
FNH:0
DA:15,1
LF:1
LH:1
BRF:0
BRH:0
end_of_record
TN:
SF:D:\Jc\Documents\GitHub\Semestrei\backend\config\log.js
FNF:0
FNH:0
DA:13,1
LF:1
LH:1
BRF:0
BRH:0
end_of_record
TN:
SF:D:\Jc\Documents\GitHub\Semestrei\backend\config\models.js
FNF:0
FNH:0
DA:16,1
LF:1
LH:1
BRF:0
BRH:0
end_of_record
TN:
SF:D:\Jc\Documents\GitHub\Semestrei\backend\config\policies.js
FNF:0
FNH:0
DA:11,1
LF:1
LH:1
BRF:0
BRH:0
end_of_record
TN:
SF:D:\Jc\Documents\GitHub\Semestrei\backend\config\routes.js
FNF:0
FNH:0
DA:11,1
LF:1
LH:1
BRF:0
BRH:0
end_of_record
TN:
SF:D:\Jc\Documents\GitHub\Semestrei\backend\config\security.js
FNF:0
FNH:0
DA:16,1
LF:1
LH:1
BRF:0
BRH:0
end_of_record
TN:
SF:D:\Jc\Documents\GitHub\Semestrei\backend\config\session.js
FNF:0
FNH:0
DA:12,1
LF:1
LH:1
BRF:0
BRH:0
end_of_record
TN:
SF:D:\Jc\Documents\GitHub\Semestrei\backend\config\sockets.js
FN:45,(anonymous_1)
FNF:1
FNH:0
FNDA:0,(anonymous_1)
DA:12,1
DA:49,0
LF:2
LH:1
BRF:0
BRH:0
end_of_record
TN:
SF:D:\Jc\Documents\GitHub\Semestrei\backend\config\views.js
FNF:0
FNH:0
DA:17,1
LF:1
LH:1
BRF:0
BRH:0
end_of_record
TN:
SF:D:\Jc\Documents\GitHub\Semestrei\backend\api\models\Admin.js
FN:10,(anonymous_1)
FN:33,(anonymous_2)
FNF:2
FNH:2
FNDA:2,(anonymous_1)
FNDA:3,(anonymous_2)
DA:8,1
DA:11,2
DA:38,3
LF:3
LH:3
BRDA:38,1,0,3
BRDA:38,1,1,3
BRDA:38,1,2,3
BRDA:38,1,3,3
BRF:4
BRH:4
end_of_record
TN:
SF:D:\Jc\Documents\GitHub\Semestrei\backend\api\models\Bracelet.js
FNF:0
FNH:0
DA:8,1
LF:1
LH:1
BRF:0
BRH:0
end_of_record
TN:
SF:D:\Jc\Documents\GitHub\Semestrei\backend\api\models\Bus.js
FNF:0
FNH:0
DA:8,1
LF:1
LH:1
BRF:0
BRH:0
end_of_record
TN:
SF:D:\Jc\Documents\GitHub\Semestrei\backend\api\models\Company.js
FNF:0
FNH:0
DA:8,1
LF:1
LH:1
BRF:0
BRH:0
end_of_record
TN:
SF:D:\Jc\Documents\GitHub\Semestrei\backend\api\models\DateInformation.js
FNF:0
FNH:0
DA:8,1
LF:1
LH:1
BRF:0
BRH:0
end_of_record
TN:
SF:D:\Jc\Documents\GitHub\Semestrei\backend\api\models\DateInterval.js
FNF:0
FNH:0
DA:8,1
LF:1
LH:1
BRF:0
BRH:0
end_of_record
TN:
SF:D:\Jc\Documents\GitHub\Semestrei\backend\api\models\HourInterval.js
FNF:0
FNH:0
DA:8,1
LF:1
LH:1
BRF:0
BRH:0
end_of_record
TN:
SF:D:\Jc\Documents\GitHub\Semestrei\backend\api\models\ImageOfPlace.js
FNF:0
FNH:0
DA:8,1
LF:1
LH:1
BRF:0
BRH:0
end_of_record
TN:
SF:D:\Jc\Documents\GitHub\Semestrei\backend\api\models\Place.js
FNF:0
FNH:0
DA:8,1
LF:1
LH:1
BRF:0
BRH:0
end_of_record
TN:
SF:D:\Jc\Documents\GitHub\Semestrei\backend\api\models\PlaceType.js
FNF:0
FNH:0
DA:8,1
LF:1
LH:1
BRF:0
BRH:0
end_of_record
TN:
SF:D:\Jc\Documents\GitHub\Semestrei\backend\api\models\Price.js
FNF:0
FNH:0
DA:8,1
LF:1
LH:1
BRF:0
BRH:0
end_of_record
TN:
SF:D:\Jc\Documents\GitHub\Semestrei\backend\api\models\Purchase.js
FNF:0
FNH:0
DA:8,1
LF:1
LH:1
BRF:0
BRH:0
end_of_record
TN:
SF:D:\Jc\Documents\GitHub\Semestrei\backend\api\models\Ticket.js
FNF:0
FNH:0
DA:8,1
LF:1
LH:1
BRF:0
BRH:0
end_of_record
TN:
SF:D:\Jc\Documents\GitHub\Semestrei\backend\api\models\TicketType.js
FNF:0
FNH:0
DA:8,1
LF:1
LH:1
BRF:0
BRH:0
end_of_record
TN:
SF:D:\Jc\Documents\GitHub\Semestrei\backend\api\models\Tour.js
FNF:0
FNH:0
DA:8,1
LF:1
LH:1
BRF:0
BRH:0
end_of_record
TN:
SF:D:\Jc\Documents\GitHub\Semestrei\backend\api\models\User.js
FN:10,(anonymous_1)
FNF:1
FNH:1
FNDA:4,(anonymous_1)
DA:8,1
DA:11,4
LF:2
LH:2
BRF:0
BRH:0
end_of_record
