TN:
SF:D:\Jc\Documents\GitHub\Semestrei\backend\config\blueprints.js
FNF:0
FNH:0
DA:12,1
LF:1
LH:1
BRF:0
BRH:0
end_of_record
TN:
SF:D:\Jc\Documents\GitHub\Semestrei\backend\config\custom.js
FNF:0
FNH:0
DA:11,1
LF:1
LH:1
BRF:0
BRH:0
end_of_record
TN:
SF:D:\Jc\Documents\GitHub\Semestrei\backend\config\datastores.js
FNF:0
FNH:0
DA:16,1
LF:1
LH:1
BRF:0
BRH:0
end_of_record
TN:
SF:D:\Jc\Documents\GitHub\Semestrei\backend\config\globals.js
FNF:0
FNH:0
DA:12,1
LF:1
LH:1
BRF:0
BRH:0
end_of_record
TN:
SF:D:\Jc\Documents\GitHub\Semestrei\backend\config\http.js
FN:53,_configureBodyParser
FNF:1
FNH:1
FNDA:1,_configureBodyParser
DA:12,1
DA:54,1
DA:55,1
DA:56,1
LF:4
LH:4
BRF:0
BRH:0
end_of_record
TN:
SF:D:\Jc\Documents\GitHub\Semestrei\backend\config\i18n.js
FNF:0
FNH:0
DA:15,1
LF:1
LH:1
BRF:0
BRH:0
end_of_record
TN:
SF:D:\Jc\Documents\GitHub\Semestrei\backend\config\log.js
FNF:0
FNH:0
DA:13,1
LF:1
LH:1
BRF:0
BRH:0
end_of_record
TN:
SF:D:\Jc\Documents\GitHub\Semestrei\backend\config\models.js
FNF:0
FNH:0
DA:16,1
LF:1
LH:1
BRF:0
BRH:0
end_of_record
TN:
SF:D:\Jc\Documents\GitHub\Semestrei\backend\config\policies.js
FNF:0
FNH:0
DA:11,1
LF:1
LH:1
BRF:0
BRH:0
end_of_record
TN:
SF:D:\Jc\Documents\GitHub\Semestrei\backend\config\routes.js
FNF:0
FNH:0
DA:11,1
LF:1
LH:1
BRF:0
BRH:0
end_of_record
TN:
SF:D:\Jc\Documents\GitHub\Semestrei\backend\config\security.js
FNF:0
FNH:0
DA:16,1
LF:1
LH:1
BRF:0
BRH:0
end_of_record
TN:
SF:D:\Jc\Documents\GitHub\Semestrei\backend\config\session.js
FNF:0
FNH:0
DA:12,1
LF:1
LH:1
BRF:0
BRH:0
end_of_record
TN:
SF:D:\Jc\Documents\GitHub\Semestrei\backend\config\sockets.js
FN:45,(anonymous_1)
FNF:1
FNH:0
FNDA:0,(anonymous_1)
DA:12,1
DA:49,0
LF:2
LH:1
BRF:0
BRH:0
end_of_record
TN:
SF:D:\Jc\Documents\GitHub\Semestrei\backend\config\views.js
FNF:0
FNH:0
DA:17,1
LF:1
LH:1
BRF:0
BRH:0
end_of_record
TN:
SF:D:\Jc\Documents\GitHub\Semestrei\backend\api\responses\notFound.js
FN:29,notFound
FNF:1
FNH:0
FNDA:0,notFound
DA:29,1
DA:32,0
DA:33,0
DA:36,0
DA:39,0
DA:40,0
DA:41,0
DA:47,0
DA:48,0
DA:53,0
DA:54,0
DA:55,0
DA:58,0
DA:64,0
LF:14
LH:1
BRDA:39,1,0,0
BRDA:39,1,1,0
BRDA:47,2,0,0
BRDA:47,2,1,0
BRDA:53,3,0,0
BRDA:53,3,1,0
BRDA:54,4,0,0
BRDA:54,4,1,0
BRF:8
BRH:0
end_of_record
TN:
SF:D:\Jc\Documents\GitHub\Semestrei\backend\api\policies\isAuthenticated.js
FN:3,(anonymous_1)
FN:4,(anonymous_2)
FNF:2
FNH:0
FNDA:0,(anonymous_1)
FNDA:0,(anonymous_2)
DA:1,1
DA:3,1
DA:4,0
DA:5,0
DA:6,0
DA:7,0
DA:8,0
DA:10,0
LF:8
LH:2
BRDA:5,1,0,0
BRDA:5,1,1,0
BRDA:6,2,0,0
BRDA:6,2,1,0
BRDA:7,3,0,0
BRDA:7,3,1,0
BRDA:7,4,0,0
BRDA:7,4,1,0
BRF:8
BRH:0
end_of_record
TN:
SF:D:\Jc\Documents\GitHub\Semestrei\backend\api\models\Admin.js
FN:10,(anonymous_1)
FN:33,(anonymous_2)
FNF:2
FNH:2
FNDA:2,(anonymous_1)
FNDA:2,(anonymous_2)
DA:8,1
DA:11,2
DA:38,2
LF:3
LH:3
BRDA:38,1,0,2
BRDA:38,1,1,2
BRDA:38,1,2,2
BRDA:38,1,3,2
BRF:4
BRH:4
end_of_record
TN:
SF:D:\Jc\Documents\GitHub\Semestrei\backend\api\models\Bracelet.js
FNF:0
FNH:0
DA:8,1
LF:1
LH:1
BRF:0
BRH:0
end_of_record
TN:
SF:D:\Jc\Documents\GitHub\Semestrei\backend\api\models\Bus.js
FNF:0
FNH:0
DA:8,1
LF:1
LH:1
BRF:0
BRH:0
end_of_record
TN:
SF:D:\Jc\Documents\GitHub\Semestrei\backend\api\models\Company.js
FNF:0
FNH:0
DA:8,1
LF:1
LH:1
BRF:0
BRH:0
end_of_record
TN:
SF:D:\Jc\Documents\GitHub\Semestrei\backend\api\models\DateInformation.js
FNF:0
FNH:0
DA:8,1
LF:1
LH:1
BRF:0
BRH:0
end_of_record
TN:
SF:D:\Jc\Documents\GitHub\Semestrei\backend\api\models\DateInterval.js
FNF:0
FNH:0
DA:8,1
LF:1
LH:1
BRF:0
BRH:0
end_of_record
TN:
SF:D:\Jc\Documents\GitHub\Semestrei\backend\api\models\HourInterval.js
FNF:0
FNH:0
DA:8,1
LF:1
LH:1
BRF:0
BRH:0
end_of_record
TN:
SF:D:\Jc\Documents\GitHub\Semestrei\backend\api\models\ImageOfPlace.js
FNF:0
FNH:0
DA:8,1
LF:1
LH:1
BRF:0
BRH:0
end_of_record
TN:
SF:D:\Jc\Documents\GitHub\Semestrei\backend\api\models\Place.js
FNF:0
FNH:0
DA:8,1
LF:1
LH:1
BRF:0
BRH:0
end_of_record
TN:
SF:D:\Jc\Documents\GitHub\Semestrei\backend\api\models\PlaceType.js
FNF:0
FNH:0
DA:8,1
LF:1
LH:1
BRF:0
BRH:0
end_of_record
TN:
SF:D:\Jc\Documents\GitHub\Semestrei\backend\api\models\Price.js
FNF:0
FNH:0
DA:8,1
LF:1
LH:1
BRF:0
BRH:0
end_of_record
TN:
SF:D:\Jc\Documents\GitHub\Semestrei\backend\api\models\Purchase.js
FNF:0
FNH:0
DA:8,1
LF:1
LH:1
BRF:0
BRH:0
end_of_record
TN:
SF:D:\Jc\Documents\GitHub\Semestrei\backend\api\models\Ticket.js
FNF:0
FNH:0
DA:8,1
LF:1
LH:1
BRF:0
BRH:0
end_of_record
TN:
SF:D:\Jc\Documents\GitHub\Semestrei\backend\api\models\TicketType.js
FNF:0
FNH:0
DA:8,1
LF:1
LH:1
BRF:0
BRH:0
end_of_record
TN:
SF:D:\Jc\Documents\GitHub\Semestrei\backend\api\models\Tour.js
FNF:0
FNH:0
DA:8,1
LF:1
LH:1
BRF:0
BRH:0
end_of_record
TN:
SF:D:\Jc\Documents\GitHub\Semestrei\backend\api\models\User.js
FN:10,(anonymous_1)
FNF:1
FNH:1
FNDA:4,(anonymous_1)
DA:8,1
DA:11,4
LF:2
LH:2
BRF:0
BRH:0
end_of_record
